Using pre-set license
Built from '2020.3/release' branch; Version is '2020.3.34f1 (9a4c9c70452b) revision 10112156'; Using compiler version '192528614'; Build Type 'Release'
OS: 'Windows 10  (10.0.19042) 64bit ProfessionalEducation' Language: 'en' Physical Memory: 16185 MB
BatchMode: 1, IsHumanControllingUs: 0, StartBugReporterOnCrash: 0, Is64bit: 1, IsPro: 0

COMMAND LINE ARGUMENTS:
C:\Program Files\Unity 2020.3.34f1\Editor\Unity.exe
-adb2
-batchMode
-noUpm
-name
AssetImportWorker1
-projectPath
E:/Game Development/MatGo/Client
-logFile
Logs/AssetImportWorker1.log
-srvPort
64265
Successfully changed project path to: E:/Game Development/MatGo/Client
E:/Game Development/MatGo/Client
Using Asset Import Pipeline V2.
Refreshing native plugins compatible for Editor in 101.17 ms, found 2 plugins.
Preloading 0 native plugins for Editor in 0.00 ms.
Initialize engine version: 2020.3.34f1 (9a4c9c70452b)
[Subsystems] Discovering subsystems at path C:/Program Files/Unity 2020.3.34f1/Editor/Data/Resources/UnitySubsystems
[Subsystems] Discovering subsystems at path E:/Game Development/MatGo/Client/Assets
GfxDevice: creating device client; threaded=0
Direct3D:
    Version:  Direct3D 11.0 [level 11.1]
    Renderer: Intel(R) HD Graphics 620 (ID=0x5916)
    Vendor:   
    VRAM:     8092 MB
    Driver:   27.20.100.9171
Initialize mono
Mono path[0] = 'C:/Program Files/Unity 2020.3.34f1/Editor/Data/Managed'
Mono path[1] = 'C:/Program Files/Unity 2020.3.34f1/Editor/Data/MonoBleedingEdge/lib/mono/unityjit'
Mono config path = 'C:/Program Files/Unity 2020.3.34f1/Editor/Data/MonoBleedingEdge/etc'
Using monoOptions --debugger-agent=transport=dt_socket,embedding=1,server=y,suspend=n,address=127.0.0.1:56324
Begin MonoManager ReloadAssembly
Registering precompiled unity dll's ...
Register platform support module: C:/Program Files/Unity 2020.3.34f1/Editor/Data/PlaybackEngines/WindowsStandaloneSupport/UnityEditor.WindowsStandalone.Extensions.dll
Registered in 0.002862 seconds.
Native extension for WindowsStandalone target not found
Refreshing native plugins compatible for Editor in 111.97 ms, found 2 plugins.
Preloading 0 native plugins for Editor in 0.00 ms.
Mono: successfully reloaded assembly
- Completed reload, in  1.293 seconds
Domain Reload Profiling:
	ReloadAssembly (1293ms)
		BeginReloadAssembly (117ms)
			ExecutionOrderSort (0ms)
			DisableScriptedObjects (0ms)
			BackupInstance (0ms)
			ReleaseScriptingObjects (0ms)
			CreateAndSetChildDomain (2ms)
		EndReloadAssembly (1037ms)
			LoadAssemblies (111ms)
			RebuildTransferFunctionScriptingTraits (0ms)
			SetupTypeCache (276ms)
			ReleaseScriptCaches (0ms)
			RebuildScriptCaches (60ms)
			SetupLoadedEditorAssemblies (465ms)
				LogAssemblyErrors (0ms)
				InitializePlatformSupportModulesInManaged (16ms)
				SetLoadedEditorAssemblies (0ms)
				RefreshPlugins (112ms)
				BeforeProcessingInitializeOnLoad (38ms)
				ProcessInitializeOnLoadAttributes (208ms)
				ProcessInitializeOnLoadMethodAttributes (91ms)
				AfterProcessingInitializeOnLoad (0ms)
				EditorAssembliesLoaded (0ms)
			ExecutionOrderSort2 (0ms)
			AwakeInstancesAfterBackupRestoration (0ms)
Platform modules already initialized, skipping
Registering precompiled user dll's ...
Registered in 0.008615 seconds.
Begin MonoManager ReloadAssembly
Native extension for WindowsStandalone target not found
Refreshing native plugins compatible for Editor in 1.14 ms, found 2 plugins.
Preloading 0 native plugins for Editor in 0.00 ms.
DisplayProgressbar: Restoring NuGet Packages
Mono: successfully reloaded assembly
- Completed reload, in  7.006 seconds
Domain Reload Profiling:
	ReloadAssembly (7013ms)
		BeginReloadAssembly (506ms)
			ExecutionOrderSort (0ms)
			DisableScriptedObjects (24ms)
			BackupInstance (0ms)
			ReleaseScriptingObjects (0ms)
			CreateAndSetChildDomain (40ms)
		EndReloadAssembly (6395ms)
			LoadAssemblies (256ms)
			RebuildTransferFunctionScriptingTraits (0ms)
			SetupTypeCache (1938ms)
			ReleaseScriptCaches (1ms)
			RebuildScriptCaches (188ms)
			SetupLoadedEditorAssemblies (2627ms)
				LogAssemblyErrors (0ms)
				InitializePlatformSupportModulesInManaged (20ms)
				SetLoadedEditorAssemblies (2ms)
				RefreshPlugins (1ms)
				BeforeProcessingInitializeOnLoad (345ms)
				ProcessInitializeOnLoadAttributes (2152ms)
				ProcessInitializeOnLoadMethodAttributes (85ms)
				AfterProcessingInitializeOnLoad (21ms)
				EditorAssembliesLoaded (1ms)
			ExecutionOrderSort2 (0ms)
			AwakeInstancesAfterBackupRestoration (8ms)
Platform modules already initialized, skipping
========================================================================
Worker process is ready to serve import requests
Launched and connected shader compiler UnityShaderCompiler.exe after 0.25 seconds
Refreshing native plugins compatible for Editor in 1.41 ms, found 2 plugins.
Preloading 0 native plugins for Editor in 0.00 ms.
Unloading 1870 Unused Serialized files (Serialized files now loaded: 0)
System memory in use before: 90.1 MB.
System memory in use after: 88.9 MB.

Unloading 39 unused Assets to reduce memory usage. Loaded Objects now: 2288.
Total: 8.415400 ms (FindLiveObjects: 0.495900 ms CreateObjectMapping: 0.205400 ms MarkObjects: 6.129600 ms  DeleteObjects: 1.582400 ms)

AssetImportParameters requested are different than current active one (requested -> active):
  custom:framework-win-MediaFoundation: 216162199b28c13a410421893ffa2e32 -> 
  custom:video-decoder-ogg-theora: a1e56fd34408186e4bbccfd4996cb3dc -> 
  custom:container-muxer-webm: aa71ff27fc2769a1b78a27578f13a17b -> 
  custom:container-demuxer-webm: 4f35f7cbe854078d1ac9338744f61a02 -> 
  custom:container-demuxer-ogg: 62fdf1f143b41e24485cea50d1cbac27 -> 
  custom:video-encoder-webm-vp8: eb34c28f22e8b96e1ab97ce403110664 -> 
  custom:video-decoder-webm-vp8: 9c59270c3fd7afecdb556c50c9e8de78 -> 
  custom:audio-decoder-ogg-vorbis: bf7c407c2cedff20999df2af8eb42d56 -> 
  custom:audio-encoder-webm-vorbis: bf7c407c2cedff20999df2af8eb42d56 -> 
========================================================================
Received Import Request.
  path: Assets/scripts/LoginServer.cs
  artifactKey: Guid(a719fef7609c8334dbda7c0d50c99e40) Importer(815301076,1909f56bfc062723c751e8b465ee728b)
Start importing Assets/scripts/LoginServer.cs using Guid(a719fef7609c8334dbda7c0d50c99e40) Importer(815301076,1909f56bfc062723c751e8b465ee728b)  -> (artifact id: 'df22d4016e7e065353a73a017622ff52') in 0.144702 seconds 
========================================================================
Received Prepare
Registering precompiled user dll's ...
Registered in 0.046080 seconds.
Begin MonoManager ReloadAssembly
Native extension for WindowsStandalone target not found
Refreshing native plugins compatible for Editor in 0.61 ms, found 2 plugins.
Preloading 0 native plugins for Editor in 0.00 ms.
Mono: successfully reloaded assembly
- Completed reload, in  1.802 seconds
Domain Reload Profiling:
	ReloadAssembly (1803ms)
		BeginReloadAssembly (262ms)
			ExecutionOrderSort (0ms)
			DisableScriptedObjects (5ms)
			BackupInstance (0ms)
			ReleaseScriptingObjects (0ms)
			CreateAndSetChildDomain (68ms)
		EndReloadAssembly (1399ms)
			LoadAssemblies (361ms)
			RebuildTransferFunctionScriptingTraits (0ms)
			SetupTypeCache (483ms)
			ReleaseScriptCaches (2ms)
			RebuildScriptCaches (58ms)
			SetupLoadedEditorAssemblies (447ms)
				LogAssemblyErrors (0ms)
				InitializePlatformSupportModulesInManaged (5ms)
				SetLoadedEditorAssemblies (1ms)
				RefreshPlugins (1ms)
				BeforeProcessingInitializeOnLoad (112ms)
				ProcessInitializeOnLoadAttributes (297ms)
				ProcessInitializeOnLoadMethodAttributes (25ms)
				AfterProcessingInitializeOnLoad (6ms)
				EditorAssembliesLoaded (0ms)
			ExecutionOrderSort2 (0ms)
			AwakeInstancesAfterBackupRestoration (3ms)
Platform modules already initialized, skipping
Refreshing native plugins compatible for Editor in 3.85 ms, found 2 plugins.
Preloading 0 native plugins for Editor in 0.00 ms.
Unloading 1828 Unused Serialized files (Serialized files now loaded: 0)
System memory in use before: 86.4 MB.
System memory in use after: 85.2 MB.

Unloading 34 unused Assets to reduce memory usage. Loaded Objects now: 2291.
Total: 17.126600 ms (FindLiveObjects: 2.346000 ms CreateObjectMapping: 0.521200 ms MarkObjects: 6.399000 ms  DeleteObjects: 7.850700 ms)

AssetImportParameters requested are different than current active one (requested -> active):
  custom:framework-win-MediaFoundation: 216162199b28c13a410421893ffa2e32 -> 
  custom:video-decoder-ogg-theora: a1e56fd34408186e4bbccfd4996cb3dc -> 
  custom:container-muxer-webm: aa71ff27fc2769a1b78a27578f13a17b -> 
  custom:container-demuxer-webm: 4f35f7cbe854078d1ac9338744f61a02 -> 
  custom:container-demuxer-ogg: 62fdf1f143b41e24485cea50d1cbac27 -> 
  custom:video-encoder-webm-vp8: eb34c28f22e8b96e1ab97ce403110664 -> 
  custom:video-decoder-webm-vp8: 9c59270c3fd7afecdb556c50c9e8de78 -> 
  custom:audio-decoder-ogg-vorbis: bf7c407c2cedff20999df2af8eb42d56 -> 
  custom:audio-encoder-webm-vorbis: bf7c407c2cedff20999df2af8eb42d56 -> 
========================================================================
Received Import Request.
  Time since last request: 1043.128070 seconds.
  path: Assets/scripts
  artifactKey: Guid(99c377c03b67a6046991afe792e94355) Importer(815301076,1909f56bfc062723c751e8b465ee728b)
Start importing Assets/scripts using Guid(99c377c03b67a6046991afe792e94355) Importer(815301076,1909f56bfc062723c751e8b465ee728b)  -> (artifact id: '1f61ef35482b2ee24e25b69c959ee9c7') in 0.028446 seconds 
========================================================================
Received Prepare
Registering precompiled user dll's ...
Registered in 0.029899 seconds.
Begin MonoManager ReloadAssembly
Native extension for WindowsStandalone target not found
Refreshing native plugins compatible for Editor in 1.87 ms, found 2 plugins.
Preloading 0 native plugins for Editor in 0.00 ms.
Mono: successfully reloaded assembly
- Completed reload, in  9.240 seconds
Domain Reload Profiling:
	ReloadAssembly (9242ms)
		BeginReloadAssembly (882ms)
			ExecutionOrderSort (0ms)
			DisableScriptedObjects (50ms)
			BackupInstance (0ms)
			ReleaseScriptingObjects (0ms)
			CreateAndSetChildDomain (227ms)
		EndReloadAssembly (7808ms)
			LoadAssemblies (898ms)
			RebuildTransferFunctionScriptingTraits (0ms)
			SetupTypeCache (2703ms)
			ReleaseScriptCaches (2ms)
			RebuildScriptCaches (475ms)
			SetupLoadedEditorAssemblies (1150ms)
				LogAssemblyErrors (0ms)
				InitializePlatformSupportModulesInManaged (130ms)
				SetLoadedEditorAssemblies (1ms)
				RefreshPlugins (2ms)
				BeforeProcessingInitializeOnLoad (509ms)
				ProcessInitializeOnLoadAttributes (438ms)
				ProcessInitializeOnLoadMethodAttributes (48ms)
				AfterProcessingInitializeOnLoad (22ms)
				EditorAssembliesLoaded (0ms)
			ExecutionOrderSort2 (0ms)
			AwakeInstancesAfterBackupRestoration (9ms)
Platform modules already initialized, skipping
Refreshing native plugins compatible for Editor in 0.72 ms, found 2 plugins.
Preloading 0 native plugins for Editor in 0.00 ms.
Unloading 1828 Unused Serialized files (Serialized files now loaded: 0)
System memory in use before: 86.4 MB.
System memory in use after: 85.2 MB.

Unloading 34 unused Assets to reduce memory usage. Loaded Objects now: 2294.
Total: 4.006200 ms (FindLiveObjects: 0.231400 ms CreateObjectMapping: 0.095500 ms MarkObjects: 2.651900 ms  DeleteObjects: 1.026300 ms)

AssetImportParameters requested are different than current active one (requested -> active):
  custom:framework-win-MediaFoundation: 216162199b28c13a410421893ffa2e32 -> 
  custom:video-decoder-ogg-theora: a1e56fd34408186e4bbccfd4996cb3dc -> 
  custom:container-muxer-webm: aa71ff27fc2769a1b78a27578f13a17b -> 
  custom:container-demuxer-webm: 4f35f7cbe854078d1ac9338744f61a02 -> 
  custom:container-demuxer-ogg: 62fdf1f143b41e24485cea50d1cbac27 -> 
  custom:video-encoder-webm-vp8: eb34c28f22e8b96e1ab97ce403110664 -> 
  custom:video-decoder-webm-vp8: 9c59270c3fd7afecdb556c50c9e8de78 -> 
  custom:audio-decoder-ogg-vorbis: bf7c407c2cedff20999df2af8eb42d56 -> 
  custom:audio-encoder-webm-vorbis: bf7c407c2cedff20999df2af8eb42d56 -> 
========================================================================
Received Import Request.
  Time since last request: 821.558095 seconds.
  path: Assets/resources/atlas/allcard.png
  artifactKey: Guid(e9f6c59a51f6f2247ba81a2fd4e74345) Importer(815301076,1909f56bfc062723c751e8b465ee728b)
Start importing Assets/resources/atlas/allcard.png using Guid(e9f6c59a51f6f2247ba81a2fd4e74345) Importer(815301076,1909f56bfc062723c751e8b465ee728b)  -> (artifact id: '5c976ca6668e2891d2fa48066510fad7') in 0.732276 seconds 
========================================================================
Received Import Request.
  Time since last request: 111.912252 seconds.
  path: Assets/resources/atlas/sp_ingame.asset
  artifactKey: Guid(6588c3921654f844daa1f6bc371f2169) Importer(815301076,1909f56bfc062723c751e8b465ee728b)
Start importing Assets/resources/atlas/sp_ingame.asset using Guid(6588c3921654f844daa1f6bc371f2169) Importer(815301076,1909f56bfc062723c751e8b465ee728b)  -> (artifact id: '14629b79a3d14e75dcb08ddb3faaed9d') in 0.109765 seconds 
========================================================================
Received Import Request.
  Time since last request: 0.001965 seconds.
  path: Assets/resources/atlas/sp_ingame.png
  artifactKey: Guid(74365c6201c9b3849a66e25c9a713feb) Importer(815301076,1909f56bfc062723c751e8b465ee728b)
Start importing Assets/resources/atlas/sp_ingame.png using Guid(74365c6201c9b3849a66e25c9a713feb) Importer(815301076,1909f56bfc062723c751e8b465ee728b)  -> (artifact id: '62c123a07c31c5389c85ec359bd4413b') in 0.369278 seconds 
========================================================================
Received Prepare
Registering precompiled user dll's ...
Registered in 0.022811 seconds.
Begin MonoManager ReloadAssembly
Native extension for WindowsStandalone target not found
Refreshing native plugins compatible for Editor in 0.72 ms, found 2 plugins.
Preloading 0 native plugins for Editor in 0.00 ms.
Mono: successfully reloaded assembly
- Completed reload, in  2.561 seconds
Domain Reload Profiling:
	ReloadAssembly (2562ms)
		BeginReloadAssembly (347ms)
			ExecutionOrderSort (0ms)
			DisableScriptedObjects (13ms)
			BackupInstance (0ms)
			ReleaseScriptingObjects (0ms)
			CreateAndSetChildDomain (101ms)
		EndReloadAssembly (2020ms)
			LoadAssemblies (328ms)
			RebuildTransferFunctionScriptingTraits (0ms)
			SetupTypeCache (791ms)
			ReleaseScriptCaches (6ms)
			RebuildScriptCaches (139ms)
			SetupLoadedEditorAssemblies (550ms)
				LogAssemblyErrors (0ms)
				InitializePlatformSupportModulesInManaged (14ms)
				SetLoadedEditorAssemblies (2ms)
				RefreshPlugins (1ms)
				BeforeProcessingInitializeOnLoad (226ms)
				ProcessInitializeOnLoadAttributes (285ms)
				ProcessInitializeOnLoadMethodAttributes (15ms)
				AfterProcessingInitializeOnLoad (7ms)
				EditorAssembliesLoaded (0ms)
			ExecutionOrderSort2 (0ms)
			AwakeInstancesAfterBackupRestoration (2ms)
Platform modules already initialized, skipping
Refreshing native plugins compatible for Editor in 0.67 ms, found 2 plugins.
Preloading 0 native plugins for Editor in 0.00 ms.
Unloading 1828 Unused Serialized files (Serialized files now loaded: 0)
System memory in use before: 89.6 MB.
System memory in use after: 88.4 MB.

Unloading 34 unused Assets to reduce memory usage. Loaded Objects now: 2339.
Total: 4.060700 ms (FindLiveObjects: 0.189900 ms CreateObjectMapping: 0.075800 ms MarkObjects: 2.839800 ms  DeleteObjects: 0.954300 ms)

AssetImportParameters requested are different than current active one (requested -> active):
  custom:framework-win-MediaFoundation: 216162199b28c13a410421893ffa2e32 -> 
  custom:video-decoder-ogg-theora: a1e56fd34408186e4bbccfd4996cb3dc -> 
  custom:container-muxer-webm: aa71ff27fc2769a1b78a27578f13a17b -> 
  custom:container-demuxer-webm: 4f35f7cbe854078d1ac9338744f61a02 -> 
  custom:container-demuxer-ogg: 62fdf1f143b41e24485cea50d1cbac27 -> 
  custom:video-encoder-webm-vp8: eb34c28f22e8b96e1ab97ce403110664 -> 
  custom:video-decoder-webm-vp8: 9c59270c3fd7afecdb556c50c9e8de78 -> 
  custom:audio-decoder-ogg-vorbis: bf7c407c2cedff20999df2af8eb42d56 -> 
  custom:audio-encoder-webm-vorbis: bf7c407c2cedff20999df2af8eb42d56 -> 
========================================================================
Received Import Request.
  Time since last request: 249.285870 seconds.
  path: Assets/resources/back.prefab
  artifactKey: Guid(2c64db18b39fb3f4fba04e1f926cf8c7) Importer(815301076,1909f56bfc062723c751e8b465ee728b)
Start importing Assets/resources/back.prefab using Guid(2c64db18b39fb3f4fba04e1f926cf8c7) Importer(815301076,1909f56bfc062723c751e8b465ee728b)  -> (artifact id: '373f3fcb37d85e482a0e173709f1eac2') in 0.104204 seconds 
========================================================================
Received Import Request.
  Time since last request: 0.000355 seconds.
  path: Assets/resources/card-bck02.png
  artifactKey: Guid(7809d4608666e8a40b6e2acfd4503337) Importer(815301076,1909f56bfc062723c751e8b465ee728b)
Start importing Assets/resources/card-bck02.png using Guid(7809d4608666e8a40b6e2acfd4503337) Importer(815301076,1909f56bfc062723c751e8b465ee728b)  -> (artifact id: '78e4c1847d06fe8387e47bcf2d3f4602') in 0.083558 seconds 
========================================================================
Received Import Request.
  Time since last request: 0.000884 seconds.
  path: Assets/resources/hwatoo_image.prefab
  artifactKey: Guid(b008930c55cfe0f4ca56aa18c15beb32) Importer(815301076,1909f56bfc062723c751e8b465ee728b)
Start importing Assets/resources/hwatoo_image.prefab using Guid(b008930c55cfe0f4ca56aa18c15beb32) Importer(815301076,1909f56bfc062723c751e8b465ee728b)  -> (artifact id: 'e78cd62431ed1251ca996fc1c6f19c7f') in 0.059292 seconds 
========================================================================
Received Import Request.
  Time since last request: 0.000332 seconds.
  path: Assets/resources/star_red.mat
  artifactKey: Guid(5977f8d8d296b2e49b72f3988684cdbb) Importer(815301076,1909f56bfc062723c751e8b465ee728b)
Start importing Assets/resources/star_red.mat using Guid(5977f8d8d296b2e49b72f3988684cdbb) Importer(815301076,1909f56bfc062723c751e8b465ee728b)  -> (artifact id: 'd501b44f74e0582e9825663ec676c03d') in 0.267728 seconds 
========================================================================
Received Import Request.
  Time since last request: 0.000602 seconds.
  path: Assets/resources/controls-bck.png
  artifactKey: Guid(d1c904c714736ee4191624af4dfaac8c) Importer(815301076,1909f56bfc062723c751e8b465ee728b)
Start importing Assets/resources/controls-bck.png using Guid(d1c904c714736ee4191624af4dfaac8c) Importer(815301076,1909f56bfc062723c751e8b465ee728b)  -> (artifact id: '56f7ee74795a5a40302a3deb0d80f93a') in 0.075356 seconds 
========================================================================
Received Import Request.
  Time since last request: 0.003624 seconds.
  path: Assets/resources/shape.png
  artifactKey: Guid(6115b9f810975014da4cce8ce879e467) Importer(815301076,1909f56bfc062723c751e8b465ee728b)
Start importing Assets/resources/shape.png using Guid(6115b9f810975014da4cce8ce879e467) Importer(815301076,1909f56bfc062723c751e8b465ee728b)  -> (artifact id: '9a7f21db0eba92ad448a80d23821007e') in 0.055147 seconds 
========================================================================
Received Import Request.
  Time since last request: 0.000460 seconds.
  path: Assets/resources/hwatoo.prefab
  artifactKey: Guid(998b40cade8a0a34dae7aff15a431280) Importer(815301076,1909f56bfc062723c751e8b465ee728b)
Start importing Assets/resources/hwatoo.prefab using Guid(998b40cade8a0a34dae7aff15a431280) Importer(815301076,1909f56bfc062723c751e8b465ee728b)  -> (artifact id: '505573785d5bd81266c2503d21a6b015') in 0.084905 seconds 
========================================================================
Received Import Request.
  Time since last request: 0.000314 seconds.
  path: Assets/resources/multiply-sign.png
  artifactKey: Guid(67e139b06bf281344926541ec0815183) Importer(815301076,1909f56bfc062723c751e8b465ee728b)
Start importing Assets/resources/multiply-sign.png using Guid(67e139b06bf281344926541ec0815183) Importer(815301076,1909f56bfc062723c751e8b465ee728b)  -> (artifact id: '10ed2e7429484c2852ed4da56a912ffe') in 0.043843 seconds 
========================================================================
Received Import Request.
  Time since last request: 0.000373 seconds.
  path: Assets/resources/star_yellow.mat
  artifactKey: Guid(cf8aaae68d5598347882aeb307d52cb8) Importer(815301076,1909f56bfc062723c751e8b465ee728b)
Start importing Assets/resources/star_yellow.mat using Guid(cf8aaae68d5598347882aeb307d52cb8) Importer(815301076,1909f56bfc062723c751e8b465ee728b)  -> (artifact id: '653cde27a060a20759793dbf0dbbf1a0') in 0.035203 seconds 
========================================================================
Received Import Request.
  Time since last request: 0.000863 seconds.
  path: Assets/resources/bg.prefab
  artifactKey: Guid(7aa2d0b907197854f8999a013bb40694) Importer(815301076,1909f56bfc062723c751e8b465ee728b)
Start importing Assets/resources/bg.prefab using Guid(7aa2d0b907197854f8999a013bb40694) Importer(815301076,1909f56bfc062723c751e8b465ee728b)  -> (artifact id: '5db4e26ea71f99699cc2b758bc05b5ef') in 0.042072 seconds 
========================================================================
Received Import Request.
  Time since last request: 0.000896 seconds.
  path: Assets/resources/cards-bck.png
  artifactKey: Guid(0fd9c2262ef72b74aa12d96745e412cd) Importer(815301076,1909f56bfc062723c751e8b465ee728b)
Start importing Assets/resources/cards-bck.png using Guid(0fd9c2262ef72b74aa12d96745e412cd) Importer(815301076,1909f56bfc062723c751e8b465ee728b)  -> (artifact id: '4a9024df2e62920f8c40483222483046') in 0.051977 seconds 
========================================================================
Received Import Request.
  Time since last request: 0.000449 seconds.
  path: Assets/resources/hint.prefab
  artifactKey: Guid(f86ad366cf838984eb3f2421ba79c2f1) Importer(815301076,1909f56bfc062723c751e8b465ee728b)
Start importing Assets/resources/hint.prefab using Guid(f86ad366cf838984eb3f2421ba79c2f1) Importer(815301076,1909f56bfc062723c751e8b465ee728b)  -> (artifact id: '4c5787239b787ca857c847023aba54e3') in 0.039269 seconds 
========================================================================
Received Import Request.
  Time since last request: 0.000564 seconds.
  path: Assets/resources/card-bck-2.png
  artifactKey: Guid(5b1b17f30dfe5e4418e19f334623b376) Importer(815301076,1909f56bfc062723c751e8b465ee728b)
Start importing Assets/resources/card-bck-2.png using Guid(5b1b17f30dfe5e4418e19f334623b376) Importer(815301076,1909f56bfc062723c751e8b465ee728b)  -> (artifact id: 'd5da62f7e2a87e6bd5ac6ad32ee89c8d') in 0.040140 seconds 
========================================================================
Received Import Request.
  Time since last request: 0.000638 seconds.
  path: Assets/resources/shape-2.png
  artifactKey: Guid(44f3759f4bb144646a349110dffded12) Importer(815301076,1909f56bfc062723c751e8b465ee728b)
Start importing Assets/resources/shape-2.png using Guid(44f3759f4bb144646a349110dffded12) Importer(815301076,1909f56bfc062723c751e8b465ee728b)  -> (artifact id: 'f12f1568198c839a5ff09a9bff85e766') in 0.055468 seconds 
========================================================================
Received Import Request.
  Time since last request: 0.000358 seconds.
  path: Assets/resources/cards-bck-2.png
  artifactKey: Guid(64345a830085fe34f8da2a012669819c) Importer(815301076,1909f56bfc062723c751e8b465ee728b)
Start importing Assets/resources/cards-bck-2.png using Guid(64345a830085fe34f8da2a012669819c) Importer(815301076,1909f56bfc062723c751e8b465ee728b)  -> (artifact id: 'fd0a0a262c118a7c1a2dc63cc856f0a3') in 0.046134 seconds 
========================================================================
Received Prepare
Registering precompiled user dll's ...
Registered in 0.017041 seconds.
Begin MonoManager ReloadAssembly
Native extension for WindowsStandalone target not found
Refreshing native plugins compatible for Editor in 0.64 ms, found 2 plugins.
Preloading 0 native plugins for Editor in 0.00 ms.
Mono: successfully reloaded assembly
- Completed reload, in  1.605 seconds
Domain Reload Profiling:
	ReloadAssembly (1606ms)
		BeginReloadAssembly (181ms)
			ExecutionOrderSort (0ms)
			DisableScriptedObjects (7ms)
			BackupInstance (0ms)
			ReleaseScriptingObjects (1ms)
			CreateAndSetChildDomain (61ms)
		EndReloadAssembly (1314ms)
			LoadAssemblies (150ms)
			RebuildTransferFunctionScriptingTraits (0ms)
			SetupTypeCache (487ms)
			ReleaseScriptCaches (1ms)
			RebuildScriptCaches (67ms)
			SetupLoadedEditorAssemblies (465ms)
				LogAssemblyErrors (0ms)
				InitializePlatformSupportModulesInManaged (7ms)
				SetLoadedEditorAssemblies (1ms)
				RefreshPlugins (1ms)
				BeforeProcessingInitializeOnLoad (113ms)
				ProcessInitializeOnLoadAttributes (311ms)
				ProcessInitializeOnLoadMethodAttributes (23ms)
				AfterProcessingInitializeOnLoad (9ms)
				EditorAssembliesLoaded (0ms)
			ExecutionOrderSort2 (0ms)
			AwakeInstancesAfterBackupRestoration (3ms)
Platform modules already initialized, skipping
Refreshing native plugins compatible for Editor in 0.66 ms, found 2 plugins.
Preloading 0 native plugins for Editor in 0.00 ms.
Unloading 1828 Unused Serialized files (Serialized files now loaded: 0)
System memory in use before: 90.1 MB.
System memory in use after: 88.9 MB.

Unloading 34 unused Assets to reduce memory usage. Loaded Objects now: 2392.
Total: 6.257100 ms (FindLiveObjects: 0.203500 ms CreateObjectMapping: 0.099600 ms MarkObjects: 3.856500 ms  DeleteObjects: 2.095800 ms)

AssetImportParameters requested are different than current active one (requested -> active):
  custom:framework-win-MediaFoundation: 216162199b28c13a410421893ffa2e32 -> 
  custom:video-decoder-ogg-theora: a1e56fd34408186e4bbccfd4996cb3dc -> 
  custom:container-muxer-webm: aa71ff27fc2769a1b78a27578f13a17b -> 
  custom:container-demuxer-webm: 4f35f7cbe854078d1ac9338744f61a02 -> 
  custom:container-demuxer-ogg: 62fdf1f143b41e24485cea50d1cbac27 -> 
  custom:video-encoder-webm-vp8: eb34c28f22e8b96e1ab97ce403110664 -> 
  custom:video-decoder-webm-vp8: 9c59270c3fd7afecdb556c50c9e8de78 -> 
  custom:audio-decoder-ogg-vorbis: bf7c407c2cedff20999df2af8eb42d56 -> 
  custom:audio-encoder-webm-vorbis: bf7c407c2cedff20999df2af8eb42d56 -> 
========================================================================
Received Prepare
Registering precompiled user dll's ...
Registered in 0.004376 seconds.
Begin MonoManager ReloadAssembly
Native extension for WindowsStandalone target not found
Refreshing native plugins compatible for Editor in 0.62 ms, found 2 plugins.
Preloading 0 native plugins for Editor in 0.00 ms.
Mono: successfully reloaded assembly
- Completed reload, in  1.063 seconds
Domain Reload Profiling:
	ReloadAssembly (1064ms)
		BeginReloadAssembly (123ms)
			ExecutionOrderSort (0ms)
			DisableScriptedObjects (5ms)
			BackupInstance (0ms)
			ReleaseScriptingObjects (0ms)
			CreateAndSetChildDomain (34ms)
		EndReloadAssembly (877ms)
			LoadAssemblies (104ms)
			RebuildTransferFunctionScriptingTraits (0ms)
			SetupTypeCache (325ms)
			ReleaseScriptCaches (1ms)
			RebuildScriptCaches (42ms)
			SetupLoadedEditorAssemblies (319ms)
				LogAssemblyErrors (0ms)
				InitializePlatformSupportModulesInManaged (5ms)
				SetLoadedEditorAssemblies (1ms)
				RefreshPlugins (1ms)
				BeforeProcessingInitializeOnLoad (80ms)
				ProcessInitializeOnLoadAttributes (211ms)
				ProcessInitializeOnLoadMethodAttributes (15ms)
				AfterProcessingInitializeOnLoad (6ms)
				EditorAssembliesLoaded (0ms)
			ExecutionOrderSort2 (0ms)
			AwakeInstancesAfterBackupRestoration (2ms)
Platform modules already initialized, skipping
Refreshing native plugins compatible for Editor in 1.05 ms, found 2 plugins.
Preloading 0 native plugins for Editor in 0.00 ms.
Unloading 1828 Unused Serialized files (Serialized files now loaded: 0)
System memory in use before: 90.2 MB.
System memory in use after: 88.9 MB.

Unloading 34 unused Assets to reduce memory usage. Loaded Objects now: 2395.
Total: 4.363200 ms (FindLiveObjects: 0.197600 ms CreateObjectMapping: 0.074500 ms MarkObjects: 2.881500 ms  DeleteObjects: 1.208500 ms)

AssetImportParameters requested are different than current active one (requested -> active):
  custom:framework-win-MediaFoundation: 216162199b28c13a410421893ffa2e32 -> 
  custom:video-decoder-ogg-theora: a1e56fd34408186e4bbccfd4996cb3dc -> 
  custom:container-muxer-webm: aa71ff27fc2769a1b78a27578f13a17b -> 
  custom:container-demuxer-webm: 4f35f7cbe854078d1ac9338744f61a02 -> 
  custom:container-demuxer-ogg: 62fdf1f143b41e24485cea50d1cbac27 -> 
  custom:video-encoder-webm-vp8: eb34c28f22e8b96e1ab97ce403110664 -> 
  custom:video-decoder-webm-vp8: 9c59270c3fd7afecdb556c50c9e8de78 -> 
  custom:audio-decoder-ogg-vorbis: bf7c407c2cedff20999df2af8eb42d56 -> 
  custom:audio-encoder-webm-vorbis: bf7c407c2cedff20999df2af8eb42d56 -> 
========================================================================
Received Prepare
Registering precompiled user dll's ...
Registered in 0.007125 seconds.
Begin MonoManager ReloadAssembly
Native extension for WindowsStandalone target not found
Refreshing native plugins compatible for Editor in 0.57 ms, found 2 plugins.
Preloading 0 native plugins for Editor in 0.00 ms.
Mono: successfully reloaded assembly
- Completed reload, in  1.570 seconds
Domain Reload Profiling:
	ReloadAssembly (1571ms)
		BeginReloadAssembly (219ms)
			ExecutionOrderSort (0ms)
			DisableScriptedObjects (9ms)
			BackupInstance (0ms)
			ReleaseScriptingObjects (0ms)
			CreateAndSetChildDomain (54ms)
		EndReloadAssembly (1204ms)
			LoadAssemblies (205ms)
			RebuildTransferFunctionScriptingTraits (0ms)
			SetupTypeCache (606ms)
			ReleaseScriptCaches (1ms)
			RebuildScriptCaches (61ms)
			SetupLoadedEditorAssemblies (301ms)
				LogAssemblyErrors (0ms)
				InitializePlatformSupportModulesInManaged (4ms)
				SetLoadedEditorAssemblies (1ms)
				RefreshPlugins (1ms)
				BeforeProcessingInitializeOnLoad (80ms)
				ProcessInitializeOnLoadAttributes (195ms)
				ProcessInitializeOnLoadMethodAttributes (14ms)
				AfterProcessingInitializeOnLoad (6ms)
				EditorAssembliesLoaded (0ms)
			ExecutionOrderSort2 (0ms)
			AwakeInstancesAfterBackupRestoration (2ms)
Platform modules already initialized, skipping
Refreshing native plugins compatible for Editor in 0.57 ms, found 2 plugins.
Preloading 0 native plugins for Editor in 0.00 ms.
Unloading 1828 Unused Serialized files (Serialized files now loaded: 0)
System memory in use before: 90.2 MB.
System memory in use after: 88.9 MB.

Unloading 34 unused Assets to reduce memory usage. Loaded Objects now: 2398.
Total: 4.140600 ms (FindLiveObjects: 0.182100 ms CreateObjectMapping: 0.068800 ms MarkObjects: 2.846300 ms  DeleteObjects: 1.042000 ms)

AssetImportParameters requested are different than current active one (requested -> active):
  custom:framework-win-MediaFoundation: 216162199b28c13a410421893ffa2e32 -> 
  custom:video-decoder-ogg-theora: a1e56fd34408186e4bbccfd4996cb3dc -> 
  custom:container-muxer-webm: aa71ff27fc2769a1b78a27578f13a17b -> 
  custom:container-demuxer-webm: 4f35f7cbe854078d1ac9338744f61a02 -> 
  custom:container-demuxer-ogg: 62fdf1f143b41e24485cea50d1cbac27 -> 
  custom:video-encoder-webm-vp8: eb34c28f22e8b96e1ab97ce403110664 -> 
  custom:video-decoder-webm-vp8: 9c59270c3fd7afecdb556c50c9e8de78 -> 
  custom:audio-decoder-ogg-vorbis: bf7c407c2cedff20999df2af8eb42d56 -> 
  custom:audio-encoder-webm-vorbis: bf7c407c2cedff20999df2af8eb42d56 -> 
========================================================================
Received Prepare
Registering precompiled user dll's ...
Registered in 0.008028 seconds.
Begin MonoManager ReloadAssembly
Native extension for WindowsStandalone target not found
Refreshing native plugins compatible for Editor in 0.61 ms, found 2 plugins.
Preloading 0 native plugins for Editor in 0.00 ms.
Mono: successfully reloaded assembly
- Completed reload, in  1.654 seconds
Domain Reload Profiling:
	ReloadAssembly (1659ms)
		BeginReloadAssembly (415ms)
			ExecutionOrderSort (0ms)
			DisableScriptedObjects (18ms)
			BackupInstance (0ms)
			ReleaseScriptingObjects (0ms)
			CreateAndSetChildDomain (210ms)
		EndReloadAssembly (1134ms)
			LoadAssemblies (232ms)
			RebuildTransferFunctionScriptingTraits (0ms)
			SetupTypeCache (480ms)
			ReleaseScriptCaches (1ms)
			RebuildScriptCaches (48ms)
			SetupLoadedEditorAssemblies (351ms)
				LogAssemblyErrors (0ms)
				InitializePlatformSupportModulesInManaged (4ms)
				SetLoadedEditorAssemblies (1ms)
				RefreshPlugins (1ms)
				BeforeProcessingInitializeOnLoad (85ms)
				ProcessInitializeOnLoadAttributes (235ms)
				ProcessInitializeOnLoadMethodAttributes (17ms)
				AfterProcessingInitializeOnLoad (8ms)
				EditorAssembliesLoaded (0ms)
			ExecutionOrderSort2 (0ms)
			AwakeInstancesAfterBackupRestoration (2ms)
Platform modules already initialized, skipping
Refreshing native plugins compatible for Editor in 0.64 ms, found 2 plugins.
Preloading 0 native plugins for Editor in 0.00 ms.
Unloading 1828 Unused Serialized files (Serialized files now loaded: 0)
System memory in use before: 90.2 MB.
System memory in use after: 89.0 MB.

Unloading 34 unused Assets to reduce memory usage. Loaded Objects now: 2401.
Total: 4.137100 ms (FindLiveObjects: 0.189900 ms CreateObjectMapping: 0.079400 ms MarkObjects: 2.760200 ms  DeleteObjects: 1.106600 ms)

AssetImportParameters requested are different than current active one (requested -> active):
  custom:framework-win-MediaFoundation: 216162199b28c13a410421893ffa2e32 -> 
  custom:video-decoder-ogg-theora: a1e56fd34408186e4bbccfd4996cb3dc -> 
  custom:container-muxer-webm: aa71ff27fc2769a1b78a27578f13a17b -> 
  custom:container-demuxer-webm: 4f35f7cbe854078d1ac9338744f61a02 -> 
  custom:container-demuxer-ogg: 62fdf1f143b41e24485cea50d1cbac27 -> 
  custom:video-encoder-webm-vp8: eb34c28f22e8b96e1ab97ce403110664 -> 
  custom:video-decoder-webm-vp8: 9c59270c3fd7afecdb556c50c9e8de78 -> 
  custom:audio-decoder-ogg-vorbis: bf7c407c2cedff20999df2af8eb42d56 -> 
  custom:audio-encoder-webm-vorbis: bf7c407c2cedff20999df2af8eb42d56 -> 
AssetImportWorkerClient::OnTransportError - code=2 error=End of file
